══════════════════════
npx cdk destroy --all --force --context config-path=/Users/alessandrovolpicella/repo/cloudfront-toolkit-vite/cloudfront-hosting-toolkit 


══════════════════════

hosting-main-cloudfront-toolkit-vite-main: destroying... [1/2]
hosting-main-cloudfront-toolkit-vite-main |   0 | 10:05:51 | DELETE_IN_PROGRESS   | AWS::StepFunctions::StateMachine       | Hosting/PipelineInfrastructure/UpdateCFF/StaticHostingSF (HostingPipelineInfrastructureUpdateCFFStaticHostingSF1C3F6163) 
hosting-main-cloudfront-toolkit-vite-main |   0 | 10:05:51 | DELETE_IN_PROGRESS   | AWS::IAM::Policy                       | Hosting/PipelineInfrastructure/MyPipeline/Role/DefaultPolicy (HostingPipelineInfrastructureMyPipelineRoleDefaultPolicy804931F0) 
hosting-main-cloudfront-toolkit-vite-main |   0 | 10:05:51 | DELETE_IN_PROGRESS   | AWS::CodeBuild::Project                | Hosting/PipelineInfrastructure/Project (HostingPipelineInfrastructureProject873982A1) 
hosting-main-cloudfront-toolkit-vite-main |   0 | 10:05:51 | DELETE_IN_PROGRESS   | AWS::Lambda::Function                  | LogRetentionaae0aa3c5b4d4f87b02d85b201efdd8a (LogRetentionaae0aa3c5b4d4f87b02d85b201efdd8aFD4BFC8A) 
hosting-main-cloudfront-toolkit-vite-main |   1 | 10:05:51 | DELETE_COMPLETE      | Custom::S3AutoDeleteObjects            | Hosting/PipelineInfrastructure/ArtifactBucket/AutoDeleteObjectsCustomResource/Default (HostingPipelineInfrastructureArtifactBucketAutoDeleteObjectsCustomResource8CA26117) 
hosting-main-cloudfront-toolkit-vite-main |   1 | 10:05:51 | DELETE_IN_PROGRESS   | AWS::Lambda::Function                  | Custom::S3AutoDeleteObjectsCustomResourceProvider/Handler (CustomS3AutoDeleteObjectsCustomResourceProviderHandler9D90184F) 
hosting-main-cloudfront-toolkit-vite-main |   1 | 10:05:52 | DELETE_IN_PROGRESS   | AWS::S3::BucketPolicy                  | Hosting/PipelineInfrastructure/ArtifactBucket/Policy (HostingPipelineInfrastructureArtifactBucketPolicy55FE49F0) 
hosting-main-cloudfront-toolkit-vite-main |   2 | 10:05:52 | DELETE_COMPLETE      | AWS::IAM::Policy                       | Hosting/PipelineInfrastructure/MyPipeline/Role/DefaultPolicy (HostingPipelineInfrastructureMyPipelineRoleDefaultPolicy804931F0) 
hosting-main-cloudfront-toolkit-vite-main |   2 | 10:05:52 | DELETE_IN_PROGRESS   | AWS::IAM::Role                         | Hosting/PipelineInfrastructure/MyPipeline/ChangeUri/Invoke/CodePipelineActionRole (HostingPipelineInfrastructureMyPipelineChangeUriInvokeCodePipelineActionRole87BB8ADC) 
hosting-main-cloudfront-toolkit-vite-main |   2 | 10:05:52 | DELETE_IN_PROGRESS   | AWS::IAM::Role                         | Hosting/PipelineInfrastructure/MyPipeline/Sources/GitHub-Source-cloudfront-toolkit-vite/CodePipelineActionRole (HostingPipelineInfrastructureMyPipelineSourcesGitHubSourcecloudfronttoolkitviteCodePipelineActionRoleA27785D7) 
hosting-main-cloudfront-toolkit-vite-main |   2 | 10:05:52 | DELETE_IN_PROGRESS   | AWS::IAM::Role                         | Hosting/PipelineInfrastructure/MyPipeline/Build/Build-And-Copy-to-S3-cloudfront-toolkit-vite/CodePipelineActionRole (HostingPipelineInfrastructureMyPipelineBuildBuildAndCopytoS3cloudfronttoolkitviteCodePipelineActionRole1BA43860) 
hosting-main-cloudfront-toolkit-vite-main |   3 | 10:05:52 | DELETE_COMPLETE      | AWS::CodeBuild::Project                | Hosting/PipelineInfrastructure/Project (HostingPipelineInfrastructureProject873982A1) 
hosting-main-cloudfront-toolkit-vite-main |   3 | 10:05:52 | DELETE_IN_PROGRESS   | AWS::IAM::Role                         | Hosting/PipelineInfrastructure/Project/Role (HostingPipelineInfrastructureProjectRole0A86D4CE) 
hosting-main-cloudfront-toolkit-vite-main |   4 | 10:05:53 | DELETE_COMPLETE      | AWS::S3::BucketPolicy                  | Hosting/PipelineInfrastructure/ArtifactBucket/Policy (HostingPipelineInfrastructureArtifactBucketPolicy55FE49F0) 
hosting-main-cloudfront-toolkit-vite-main |   4 | 10:05:46 | DELETE_IN_PROGRESS   | AWS::CloudFormation::Stack             | hosting-main-cloudfront-toolkit-vite-main User Initiated
hosting-main-cloudfront-toolkit-vite-main |   4 | 10:05:48 | DELETE_IN_PROGRESS   | Custom::LogRetention                   | Hosting/PipelineInfrastructure/UpdateCFF/UpdateKvsFunction/LogRetention (HostingPipelineInfrastructureUpdateCFFUpdateKvsFunctionLogRetentionCCFB0174) 
hosting-main-cloudfront-toolkit-vite-main |   4 | 10:05:48 | DELETE_IN_PROGRESS   | AWS::IAM::Policy                       | Hosting/PipelineInfrastructure/MyPipeline/Build/Build-And-Copy-to-S3-cloudfront-toolkit-vite/CodePipelineActionRole/DefaultPolicy (HostingPipelineInfrastructureMyPipelineBuildBuildAndCopytoS3cloudfronttoolkitviteCodePipelineActionRoleDefaultPolicy40C500E6) 
hosting-main-cloudfront-toolkit-vite-main |   4 | 10:05:48 | DELETE_IN_PROGRESS   | AWS::IAM::Policy                       | Hosting/PipelineInfrastructure/MyPipeline/ChangeUri/Invoke/CodePipelineActionRole/DefaultPolicy (HostingPipelineInfrastructureMyPipelineChangeUriInvokeCodePipelineActionRoleDefaultPolicyE3E98FC9) 
hosting-main-cloudfront-toolkit-vite-main |   4 | 10:05:48 | DELETE_IN_PROGRESS   | Custom::S3AutoDeleteObjects            | Hosting/PipelineInfrastructure/ArtifactBucket/AutoDeleteObjectsCustomResource/Default (HostingPipelineInfrastructureArtifactBucketAutoDeleteObjectsCustomResource8CA26117) 
hosting-main-cloudfront-toolkit-vite-main |   4 | 10:05:48 | DELETE_IN_PROGRESS   | AWS::CDK::Metadata                     | CDKMetadata/Default (CDKMetadata) 
hosting-main-cloudfront-toolkit-vite-main |   4 | 10:05:48 | DELETE_IN_PROGRESS   | AWS::SSM::Parameter                    | Hosting/HostingInfrastructure/SSMConnectionRegion (HostingHostingInfrastructureSSMConnectionRegionA72A0577) 
hosting-main-cloudfront-toolkit-vite-main |   4 | 10:05:48 | DELETE_IN_PROGRESS   | AWS::IAM::Policy                       | Hosting/PipelineInfrastructure/MyPipeline/Sources/GitHub-Source-cloudfront-toolkit-vite/CodePipelineActionRole/DefaultPolicy (HostingPipelineInfrastructureMyPipelineSourcesGitHubSourcecloudfronttoolkitviteCodePipelineActionRoleDefaultPolicy7A88012B) 
hosting-main-cloudfront-toolkit-vite-main |   4 | 10:05:48 | DELETE_IN_PROGRESS   | AWS::S3::BucketPolicy                  | Hosting/HostingInfrastructure/HostingBucket/Policy (HostingHostingInfrastructureHostingBucketPolicy905DD8E2) 
hosting-main-cloudfront-toolkit-vite-main |   4 | 10:05:48 | DELETE_IN_PROGRESS   | AWS::IAM::Policy                       | Hosting/PipelineInfrastructure/Project/Role/DefaultPolicy (HostingPipelineInfrastructureProjectRoleDefaultPolicyC3411297) 
hosting-main-cloudfront-toolkit-vite-main |   4 | 10:05:48 | DELETE_IN_PROGRESS   | Custom::LogRetention                   | Hosting/PipelineInfrastructure/UpdateCFF/DeleteOldDeployments/LogRetention (HostingPipelineInfrastructureUpdateCFFDeleteOldDeploymentsLogRetentionA1B2D84E) 
hosting-main-cloudfront-toolkit-vite-main |   4 | 10:05:48 | DELETE_IN_PROGRESS   | AWS::SSM::Parameter                    | Hosting/PipelineInfrastructure/SSMPipelineName (HostingPipelineInfrastructureSSMPipelineName8B6DD00A) 
hosting-main-cloudfront-toolkit-vite-main |   5 | 10:05:49 | DELETE_COMPLETE      | AWS::IAM::Policy                       | Hosting/PipelineInfrastructure/MyPipeline/ChangeUri/Invoke/CodePipelineActionRole/DefaultPolicy (HostingPipelineInfrastructureMyPipelineChangeUriInvokeCodePipelineActionRoleDefaultPolicyE3E98FC9) 
hosting-main-cloudfront-toolkit-vite-main |   6 | 10:05:49 | DELETE_COMPLETE      | AWS::IAM::Policy                       | Hosting/PipelineInfrastructure/MyPipeline/Sources/GitHub-Source-cloudfront-toolkit-vite/CodePipelineActionRole/DefaultPolicy (HostingPipelineInfrastructureMyPipelineSourcesGitHubSourcecloudfronttoolkitviteCodePipelineActionRoleDefaultPolicy7A88012B) 
hosting-main-cloudfront-toolkit-vite-main |   7 | 10:05:49 | DELETE_COMPLETE      | AWS::IAM::Policy                       | Hosting/PipelineInfrastructure/MyPipeline/Build/Build-And-Copy-to-S3-cloudfront-toolkit-vite/CodePipelineActionRole/DefaultPolicy (HostingPipelineInfrastructureMyPipelineBuildBuildAndCopytoS3cloudfronttoolkitviteCodePipelineActionRoleDefaultPolicy40C500E6) 
hosting-main-cloudfront-toolkit-vite-main |   8 | 10:05:49 | DELETE_COMPLETE      | AWS::IAM::Policy                       | Hosting/PipelineInfrastructure/Project/Role/DefaultPolicy (HostingPipelineInfrastructureProjectRoleDefaultPolicyC3411297) 
hosting-main-cloudfront-toolkit-vite-main |   9 | 10:05:49 | DELETE_COMPLETE      | AWS::SSM::Parameter                    | Hosting/PipelineInfrastructure/SSMPipelineName (HostingPipelineInfrastructureSSMPipelineName8B6DD00A) 
hosting-main-cloudfront-toolkit-vite-main |  10 | 10:05:49 | DELETE_COMPLETE      | AWS::CDK::Metadata                     | CDKMetadata/Default (CDKMetadata) 
hosting-main-cloudfront-toolkit-vite-main |  11 | 10:05:49 | DELETE_COMPLETE      | AWS::SSM::Parameter                    | Hosting/HostingInfrastructure/SSMConnectionRegion (HostingHostingInfrastructureSSMConnectionRegionA72A0577) 
hosting-main-cloudfront-toolkit-vite-main |  12 | 10:05:49 | DELETE_COMPLETE      | AWS::S3::BucketPolicy                  | Hosting/HostingInfrastructure/HostingBucket/Policy (HostingHostingInfrastructureHostingBucketPolicy905DD8E2) 
hosting-main-cloudfront-toolkit-vite-main |  12 | 10:05:49 | DELETE_IN_PROGRESS   | AWS::CloudFront::Distribution          | Hosting/HostingInfrastructure/Distribution (HostingHostingInfrastructureDistribution2FE26CAE) 
hosting-main-cloudfront-toolkit-vite-main |  12 | 10:05:49 | DELETE_IN_PROGRESS   | AWS::CodePipeline::Pipeline            | Hosting/PipelineInfrastructure/MyPipeline (HostingPipelineInfrastructureMyPipelineFC5FDDD0) 
hosting-main-cloudfront-toolkit-vite-main |  13 | 10:05:50 | DELETE_COMPLETE      | Custom::LogRetention                   | Hosting/PipelineInfrastructure/UpdateCFF/UpdateKvsFunction/LogRetention (HostingPipelineInfrastructureUpdateCFFUpdateKvsFunctionLogRetentionCCFB0174) 
hosting-main-cloudfront-toolkit-vite-main |  14 | 10:05:50 | DELETE_COMPLETE      | AWS::CodePipeline::Pipeline            | Hosting/PipelineInfrastructure/MyPipeline (HostingPipelineInfrastructureMyPipelineFC5FDDD0) 
hosting-main-cloudfront-toolkit-vite-main |  15 | 10:05:50 | DELETE_COMPLETE      | Custom::LogRetention                   | Hosting/PipelineInfrastructure/UpdateCFF/DeleteOldDeployments/LogRetention (HostingPipelineInfrastructureUpdateCFFDeleteOldDeploymentsLogRetentionA1B2D84E) 
hosting-main-cloudfront-toolkit-vite-main |  15 | 10:05:53 | DELETE_SKIPPED       | AWS::Logs::LogGroup                    | Hosting/PipelineInfrastructure/MyLogGroup (HostingPipelineInfrastructureMyLogGroupF5049128) 
hosting-main-cloudfront-toolkit-vite-main |  15 | 10:05:53 | DELETE_IN_PROGRESS   | AWS::IAM::Role                         | Hosting/PipelineInfrastructure/MyPipeline/Role (HostingPipelineInfrastructureMyPipelineRoleB18081B5) 
hosting-main-cloudfront-toolkit-vite-main |  16 | 10:05:54 | DELETE_COMPLETE      | AWS::Lambda::Function                  | LogRetentionaae0aa3c5b4d4f87b02d85b201efdd8a (LogRetentionaae0aa3c5b4d4f87b02d85b201efdd8aFD4BFC8A) 
hosting-main-cloudfront-toolkit-vite-main |  16 | 10:05:55 | DELETE_IN_PROGRESS   | AWS::IAM::Policy                       | LogRetentionaae0aa3c5b4d4f87b02d85b201efdd8a/ServiceRole/DefaultPolicy (LogRetentionaae0aa3c5b4d4f87b02d85b201efdd8aServiceRoleDefaultPolicyADDA7DEB) 
hosting-main-cloudfront-toolkit-vite-main |  17 | 10:05:55 | DELETE_COMPLETE      | AWS::Lambda::Function                  | Custom::S3AutoDeleteObjectsCustomResourceProvider/Handler (CustomS3AutoDeleteObjectsCustomResourceProviderHandler9D90184F) 
hosting-main-cloudfront-toolkit-vite-main |  17 | 10:05:55 | DELETE_IN_PROGRESS   | AWS::IAM::Role                         | Custom::S3AutoDeleteObjectsCustomResourceProvider/Role (CustomS3AutoDeleteObjectsCustomResourceProviderRole3B1BD092) 
hosting-main-cloudfront-toolkit-vite-main |  17 | 10:05:55 | DELETE_IN_PROGRESS   | AWS::S3::Bucket                        | Hosting/PipelineInfrastructure/ArtifactBucket (HostingPipelineInfrastructureArtifactBucket000BDB60) 
hosting-main-cloudfront-toolkit-vite-main |  18 | 10:05:56 | DELETE_COMPLETE      | AWS::IAM::Policy                       | LogRetentionaae0aa3c5b4d4f87b02d85b201efdd8a/ServiceRole/DefaultPolicy (LogRetentionaae0aa3c5b4d4f87b02d85b201efdd8aServiceRoleDefaultPolicyADDA7DEB) 
hosting-main-cloudfront-toolkit-vite-main |  18 | 10:05:56 | DELETE_IN_PROGRESS   | AWS::IAM::Role                         | LogRetentionaae0aa3c5b4d4f87b02d85b201efdd8a/ServiceRole (LogRetentionaae0aa3c5b4d4f87b02d85b201efdd8aServiceRole9741ECFB) 
hosting-main-cloudfront-toolkit-vite-main |  19 | 10:05:57 | DELETE_COMPLETE      | AWS::S3::Bucket                        | Hosting/PipelineInfrastructure/ArtifactBucket (HostingPipelineInfrastructureArtifactBucket000BDB60) 
hosting-main-cloudfront-toolkit-vite-main |  20 | 10:06:04 | DELETE_COMPLETE      | AWS::IAM::Role                         | Hosting/PipelineInfrastructure/MyPipeline/Build/Build-And-Copy-to-S3-cloudfront-toolkit-vite/CodePipelineActionRole (HostingPipelineInfrastructureMyPipelineBuildBuildAndCopytoS3cloudfronttoolkitviteCodePipelineActionRole1BA43860) 
hosting-main-cloudfront-toolkit-vite-main |  21 | 10:06:04 | DELETE_COMPLETE      | AWS::IAM::Role                         | Hosting/PipelineInfrastructure/MyPipeline/ChangeUri/Invoke/CodePipelineActionRole (HostingPipelineInfrastructureMyPipelineChangeUriInvokeCodePipelineActionRole87BB8ADC) 
hosting-main-cloudfront-toolkit-vite-main |  22 | 10:06:05 | DELETE_COMPLETE      | AWS::IAM::Role                         | Hosting/PipelineInfrastructure/MyPipeline/Sources/GitHub-Source-cloudfront-toolkit-vite/CodePipelineActionRole (HostingPipelineInfrastructureMyPipelineSourcesGitHubSourcecloudfronttoolkitviteCodePipelineActionRoleA27785D7) 
hosting-main-cloudfront-toolkit-vite-main |  23 | 10:06:05 | DELETE_COMPLETE      | AWS::IAM::Role                         | Hosting/PipelineInfrastructure/Project/Role (HostingPipelineInfrastructureProjectRole0A86D4CE) 
hosting-main-cloudfront-toolkit-vite-main |  24 | 10:06:05 | DELETE_COMPLETE      | AWS::IAM::Role                         | Hosting/PipelineInfrastructure/MyPipeline/Role (HostingPipelineInfrastructureMyPipelineRoleB18081B5) 
hosting-main-cloudfront-toolkit-vite-main |  24 | 10:06:06 | DELETE_IN_PROGRESS   | Custom::CDKBucketDeployment            | Hosting/PipelineInfrastructure/InitialPage/CustomResource/Default (HostingPipelineInfrastructureInitialPageCustomResource34A55526) 
hosting-main-cloudfront-toolkit-vite-main |  25 | 10:06:08 | DELETE_COMPLETE      | AWS::IAM::Role                         | Custom::S3AutoDeleteObjectsCustomResourceProvider/Role (CustomS3AutoDeleteObjectsCustomResourceProviderRole3B1BD092) 
hosting-main-cloudfront-toolkit-vite-main |  26 | 10:06:08 | DELETE_COMPLETE      | Custom::CDKBucketDeployment            | Hosting/PipelineInfrastructure/InitialPage/CustomResource/Default (HostingPipelineInfrastructureInitialPageCustomResource34A55526) 
hosting-main-cloudfront-toolkit-vite-main |  26 | 10:06:08 | DELETE_IN_PROGRESS   | AWS::Lambda::Function                  | Custom::CDKBucketDeployment8693BB64968944B69AAFB0CC9EB8756C (CustomCDKBucketDeployment8693BB64968944B69AAFB0CC9EB8756C81C01536) 
hosting-main-cloudfront-toolkit-vite-main |  27 | 10:06:09 | DELETE_COMPLETE      | AWS::IAM::Role                         | LogRetentionaae0aa3c5b4d4f87b02d85b201efdd8a/ServiceRole (LogRetentionaae0aa3c5b4d4f87b02d85b201efdd8aServiceRole9741ECFB) 
hosting-main-cloudfront-toolkit-vite-main |  28 | 10:06:12 | DELETE_COMPLETE      | AWS::Lambda::Function                  | Custom::CDKBucketDeployment8693BB64968944B69AAFB0CC9EB8756C (CustomCDKBucketDeployment8693BB64968944B69AAFB0CC9EB8756C81C01536) 
hosting-main-cloudfront-toolkit-vite-main |  28 | 10:06:12 | DELETE_IN_PROGRESS   | AWS::Lambda::LayerVersion              | Hosting/PipelineInfrastructure/InitialPage/AwsCliLayer (HostingPipelineInfrastructureInitialPageAwsCliLayer9A51F97C) 
hosting-main-cloudfront-toolkit-vite-main |  28 | 10:06:12 | DELETE_IN_PROGRESS   | AWS::IAM::Policy                       | Custom::CDKBucketDeployment8693BB64968944B69AAFB0CC9EB8756C/ServiceRole/DefaultPolicy (CustomCDKBucketDeployment8693BB64968944B69AAFB0CC9EB8756CServiceRoleDefaultPolicy88902FDF) 
hosting-main-cloudfront-toolkit-vite-main |  29 | 10:06:13 | DELETE_COMPLETE      | AWS::IAM::Policy                       | Custom::CDKBucketDeployment8693BB64968944B69AAFB0CC9EB8756C/ServiceRole/DefaultPolicy (CustomCDKBucketDeployment8693BB64968944B69AAFB0CC9EB8756CServiceRoleDefaultPolicy88902FDF) 
hosting-main-cloudfront-toolkit-vite-main |  30 | 10:06:13 | DELETE_COMPLETE      | AWS::Lambda::LayerVersion              | Hosting/PipelineInfrastructure/InitialPage/AwsCliLayer (HostingPipelineInfrastructureInitialPageAwsCliLayer9A51F97C) 
hosting-main-cloudfront-toolkit-vite-main |  30 | 10:06:13 | DELETE_IN_PROGRESS   | AWS::IAM::Role                         | Custom::CDKBucketDeployment8693BB64968944B69AAFB0CC9EB8756C/ServiceRole (CustomCDKBucketDeployment8693BB64968944B69AAFB0CC9EB8756CServiceRole89A01265) 
hosting-main-cloudfront-toolkit-vite-main |  31 | 10:06:26 | DELETE_COMPLETE      | AWS::IAM::Role                         | Custom::CDKBucketDeployment8693BB64968944B69AAFB0CC9EB8756C/ServiceRole (CustomCDKBucketDeployment8693BB64968944B69AAFB0CC9EB8756CServiceRole89A01265) 
 31 Currently in progress: HostingPipelineInfrastructureUpdateCFFStaticHostingSF1C3F6163, hosting-main-cloudfront-toolkit-vite-main, HostingPipelineInfrastructureArtifactBucketAutoDeleteObjectsCustomResource8CA26117, HostingHostingInfrastructureDistribution2FE26CAE
hosting-main-cloudfront-toolkit-vite-main |  32 | 10:07:04 | DELETE_COMPLETE      | AWS::StepFunctions::StateMachine       | Hosting/PipelineInfrastructure/UpdateCFF/StaticHostingSF (HostingPipelineInfrastructureUpdateCFFStaticHostingSF1C3F6163) 
hosting-main-cloudfront-toolkit-vite-main |  32 | 10:07:04 | DELETE_IN_PROGRESS   | AWS::IAM::Policy                       | Hosting/PipelineInfrastructure/UpdateCFF/StaticHostingSF/Role/DefaultPolicy (HostingPipelineInfrastructureUpdateCFFStaticHostingSFRoleDefaultPolicyE080F905) 
hosting-main-cloudfront-toolkit-vite-main |  32 | 10:07:04 | DELETE_IN_PROGRESS   | AWS::Logs::LogGroup                    | Hosting/PipelineInfrastructure/UpdateCFF/sfnLog (HostingPipelineInfrastructureUpdateCFFsfnLog3A570214) 
hosting-main-cloudfront-toolkit-vite-main |  33 | 10:07:05 | DELETE_COMPLETE      | AWS::IAM::Policy                       | Hosting/PipelineInfrastructure/UpdateCFF/StaticHostingSF/Role/DefaultPolicy (HostingPipelineInfrastructureUpdateCFFStaticHostingSFRoleDefaultPolicyE080F905) 
hosting-main-cloudfront-toolkit-vite-main |  34 | 10:07:05 | DELETE_COMPLETE      | AWS::Logs::LogGroup                    | Hosting/PipelineInfrastructure/UpdateCFF/sfnLog (HostingPipelineInfrastructureUpdateCFFsfnLog3A570214) 
hosting-main-cloudfront-toolkit-vite-main |  34 | 10:07:05 | DELETE_IN_PROGRESS   | AWS::Lambda::Function                  | Hosting/PipelineInfrastructure/UpdateCFF/UpdateKvsFunction (HostingPipelineInfrastructureUpdateCFFUpdateKvsFunction85F93F9D) 
hosting-main-cloudfront-toolkit-vite-main |  34 | 10:07:06 | DELETE_IN_PROGRESS   | AWS::IAM::Role                         | Hosting/PipelineInfrastructure/UpdateCFF/StaticHostingSF/Role (HostingPipelineInfrastructureUpdateCFFStaticHostingSFRoleC8BF2D67) 
hosting-main-cloudfront-toolkit-vite-main |  34 | 10:07:06 | DELETE_IN_PROGRESS   | AWS::Lambda::Function                  | Hosting/PipelineInfrastructure/UpdateCFF/DeleteOldDeployments (HostingPipelineInfrastructureUpdateCFFDeleteOldDeployments1E3F3EDE) 
hosting-main-cloudfront-toolkit-vite-main |  35 | 10:07:09 | DELETE_COMPLETE      | AWS::Lambda::Function                  | Hosting/PipelineInfrastructure/UpdateCFF/UpdateKvsFunction (HostingPipelineInfrastructureUpdateCFFUpdateKvsFunction85F93F9D) 
hosting-main-cloudfront-toolkit-vite-main |  36 | 10:07:09 | DELETE_COMPLETE      | AWS::Lambda::Function                  | Hosting/PipelineInfrastructure/UpdateCFF/DeleteOldDeployments (HostingPipelineInfrastructureUpdateCFFDeleteOldDeployments1E3F3EDE) 
hosting-main-cloudfront-toolkit-vite-main |  36 | 10:07:09 | DELETE_IN_PROGRESS   | AWS::Lambda::LayerVersion              | Hosting/PipelineInfrastructure/UpdateCFF/AwsSdkLayer (HostingPipelineInfrastructureUpdateCFFAwsSdkLayerEA1E386E) 
hosting-main-cloudfront-toolkit-vite-main |  36 | 10:07:10 | DELETE_IN_PROGRESS   | AWS::IAM::Policy                       | Hosting/PipelineInfrastructure/UpdateCFF/BasicLambdaRole/DefaultPolicy (HostingPipelineInfrastructureUpdateCFFBasicLambdaRoleDefaultPolicy58B6752A) 
hosting-main-cloudfront-toolkit-vite-main |  37 | 10:07:10 | DELETE_COMPLETE      | AWS::Lambda::LayerVersion              | Hosting/PipelineInfrastructure/UpdateCFF/AwsSdkLayer (HostingPipelineInfrastructureUpdateCFFAwsSdkLayerEA1E386E) 
hosting-main-cloudfront-toolkit-vite-main |  38 | 10:07:11 | DELETE_COMPLETE      | AWS::IAM::Policy                       | Hosting/PipelineInfrastructure/UpdateCFF/BasicLambdaRole/DefaultPolicy (HostingPipelineInfrastructureUpdateCFFBasicLambdaRoleDefaultPolicy58B6752A) 
hosting-main-cloudfront-toolkit-vite-main |  38 | 10:07:11 | DELETE_IN_PROGRESS   | AWS::IAM::Role                         | Hosting/PipelineInfrastructure/UpdateCFF/BasicLambdaRole (HostingPipelineInfrastructureUpdateCFFBasicLambdaRole6E5EC6AE) 
hosting-main-cloudfront-toolkit-vite-main |  39 | 10:07:18 | DELETE_COMPLETE      | AWS::IAM::Role                         | Hosting/PipelineInfrastructure/UpdateCFF/StaticHostingSF/Role (HostingPipelineInfrastructureUpdateCFFStaticHostingSFRoleC8BF2D67) 
hosting-main-cloudfront-toolkit-vite-main |  40 | 10:07:24 | DELETE_COMPLETE      | AWS::IAM::Role                         | Hosting/PipelineInfrastructure/UpdateCFF/BasicLambdaRole (HostingPipelineInfrastructureUpdateCFFBasicLambdaRole6E5EC6AE) 
 40 Currently in progress: hosting-main-cloudfront-toolkit-vite-main, HostingPipelineInfrastructureArtifactBucketAutoDeleteObjectsCustomResource8CA26117, HostingHostingInfrastructureDistribution2FE26CAE
hosting-main-cloudfront-toolkit-vite-main |  41 | 10:08:50 | DELETE_COMPLETE      | AWS::CloudFront::Distribution          | Hosting/HostingInfrastructure/Distribution (HostingHostingInfrastructureDistribution2FE26CAE) 
hosting-main-cloudfront-toolkit-vite-main |  41 | 10:08:51 | DELETE_IN_PROGRESS   | AWS::CloudFront::CachePolicy           | Hosting/HostingInfrastructure/staticAssetsCachePolicy (HostingHostingInfrastructurestaticAssetsCachePolicy6B67ED12) 
hosting-main-cloudfront-toolkit-vite-main |  41 | 10:08:51 | DELETE_IN_PROGRESS   | AWS::CloudFront::OriginAccessControl   | Hosting/HostingInfrastructure/OAC (HostingHostingInfrastructureOACF290641F) 
hosting-main-cloudfront-toolkit-vite-main |  41 | 10:08:51 | DELETE_IN_PROGRESS   | AWS::CloudFront::CachePolicy           | Hosting/HostingInfrastructure/DefaultCachePolicy (HostingHostingInfrastructureDefaultCachePolicy266661D2) 
hosting-main-cloudfront-toolkit-vite-main |  41 | 10:08:51 | DELETE_IN_PROGRESS   | AWS::CloudFront::Function              | Hosting/ChangeUri (HostingChangeUri1A688977) 
hosting-main-cloudfront-toolkit-vite-main |  41 | 10:08:51 | DELETE_IN_PROGRESS   | AWS::CloudFront::ResponseHeadersPolicy | Hosting/HostingInfrastructure/ResponseHeadersPolicy (HostingHostingInfrastructureResponseHeadersPolicy630F57EC) 
hosting-main-cloudfront-toolkit-vite-main |  41 | 10:08:51 | DELETE_IN_PROGRESS   | AWS::CloudFront::CachePolicy           | Hosting/HostingInfrastructure/ImagesCachePolicy (HostingHostingInfrastructureImagesCachePolicyFF009C20) 
hosting-main-cloudfront-toolkit-vite-main |  41 | 10:08:51 | DELETE_SKIPPED       | AWS::S3::Bucket                        | Hosting/HostingInfrastructure/HostingBucket (HostingHostingInfrastructureHostingBucketBB444313) 
hosting-main-cloudfront-toolkit-vite-main |  42 | 10:08:52 | DELETE_COMPLETE      | AWS::CloudFront::CachePolicy           | Hosting/HostingInfrastructure/staticAssetsCachePolicy (HostingHostingInfrastructurestaticAssetsCachePolicy6B67ED12) 
hosting-main-cloudfront-toolkit-vite-main |  43 | 10:08:52 | DELETE_COMPLETE      | AWS::CloudFront::CachePolicy           | Hosting/HostingInfrastructure/DefaultCachePolicy (HostingHostingInfrastructureDefaultCachePolicy266661D2) 
hosting-main-cloudfront-toolkit-vite-main |  44 | 10:08:52 | DELETE_COMPLETE      | AWS::CloudFront::CachePolicy           | Hosting/HostingInfrastructure/ImagesCachePolicy (HostingHostingInfrastructureImagesCachePolicyFF009C20) 
hosting-main-cloudfront-toolkit-vite-main |  45 | 10:08:52 | DELETE_COMPLETE      | AWS::CloudFront::ResponseHeadersPolicy | Hosting/HostingInfrastructure/ResponseHeadersPolicy (HostingHostingInfrastructureResponseHeadersPolicy630F57EC) 
hosting-main-cloudfront-toolkit-vite-main |  46 | 10:08:52 | DELETE_COMPLETE      | AWS::CloudFront::OriginAccessControl   | Hosting/HostingInfrastructure/OAC (HostingHostingInfrastructureOACF290641F) 
hosting-main-cloudfront-toolkit-vite-main |  47 | 10:08:54 | DELETE_COMPLETE      | AWS::CloudFront::Function              | Hosting/ChangeUri (HostingChangeUri1A688977) 
hosting-main-cloudfront-toolkit-vite-main |  47 | 10:08:54 | DELETE_IN_PROGRESS   | AWS::CloudFront::KeyValueStore         | Hosting/UriStore (HostingUriStoreC5D8CAEE) 

 ✅  hosting-main-cloudfront-toolkit-vite-main: destroyed
hosting-connection-cloudfront-toolkit-vite-main-awsfundamentals-hq: destroying... [2/2]
hosting-connection-cloudfront-toolkit-vite-main-awsfundamentals-hq |   1 | 10:09:07 | DELETE_COMPLETE      | AWS::CodeStarConnections::Connection | RepositoryConnection/MyCfnConnectioncloudfront-toolkit-vite (RepositoryConnectionMyCfnConnectioncloudfronttoolkitvite4E4F31BA) 
hosting-connection-cloudfront-toolkit-vite-main-awsfundamentals-hq |   2 | 10:09:07 | DELETE_COMPLETE      | AWS::CloudFormation::Stack           | hosting-connection-cloudfront-toolkit-vite-main-awsfundamentals-hq 
hosting-connection-cloudfront-toolkit-vite-main-awsfundamentals-hq |   2 | 10:09:01 | DELETE_IN_PROGRESS   | AWS::CloudFormation::Stack           | hosting-connection-cloudfront-toolkit-vite-main-awsfundamentals-hq User Initiated
hosting-connection-cloudfront-toolkit-vite-main-awsfundamentals-hq |   2 | 10:09:04 | DELETE_IN_PROGRESS   | AWS::SSM::Parameter                  | RepositoryConnection/SSMConnectionArn (RepositoryConnectionSSMConnectionArn1E74102B) 
hosting-connection-cloudfront-toolkit-vite-main-awsfundamentals-hq |   2 | 10:09:04 | DELETE_IN_PROGRESS   | AWS::CDK::Metadata                   | CDKMetadata/Default (CDKMetadata) 
hosting-connection-cloudfront-toolkit-vite-main-awsfundamentals-hq |   2 | 10:09:04 | DELETE_IN_PROGRESS   | AWS::SSM::Parameter                  | RepositoryConnection/SSMConnectionName (RepositoryConnectionSSMConnectionNameAB648C27) 
hosting-connection-cloudfront-toolkit-vite-main-awsfundamentals-hq |   2 | 10:09:04 | DELETE_IN_PROGRESS   | AWS::SSM::Parameter                  | RepositoryConnection/SSMConnectionRegion (RepositoryConnectionSSMConnectionRegion4029CE52) 
hosting-connection-cloudfront-toolkit-vite-main-awsfundamentals-hq |   3 | 10:09:05 | DELETE_COMPLETE      | AWS::CDK::Metadata                   | CDKMetadata/Default (CDKMetadata) 
hosting-connection-cloudfront-toolkit-vite-main-awsfundamentals-hq |   4 | 10:09:05 | DELETE_COMPLETE      | AWS::SSM::Parameter                  | RepositoryConnection/SSMConnectionArn (RepositoryConnectionSSMConnectionArn1E74102B) 
hosting-connection-cloudfront-toolkit-vite-main-awsfundamentals-hq |   5 | 10:09:05 | DELETE_COMPLETE      | AWS::SSM::Parameter                  | RepositoryConnection/SSMConnectionName (RepositoryConnectionSSMConnectionNameAB648C27) 
hosting-connection-cloudfront-toolkit-vite-main-awsfundamentals-hq |   6 | 10:09:05 | DELETE_COMPLETE      | AWS::SSM::Parameter                  | RepositoryConnection/SSMConnectionRegion (RepositoryConnectionSSMConnectionRegion4029CE52) 
hosting-connection-cloudfront-toolkit-vite-main-awsfundamentals-hq |   6 | 10:09:06 | DELETE_IN_PROGRESS   | AWS::CodeStarConnections::Connection | RepositoryConnection/MyCfnConnectioncloudfront-toolkit-vite (RepositoryConnectionMyCfnConnectioncloudfronttoolkitvite4E4F31BA) 

 ✅  hosting-connection-cloudfront-toolkit-vite-main-awsfundamentals-hq: destroyed

